<?xml version="1.0" encoding="UTF-8"?>
<testsuite xmlns:xsi="http://www.w3.org/2001/XMLSchema-instance" xsi:noNamespaceSchemaLocation="https://maven.apache.org/surefire/maven-surefire-plugin/xsd/surefire-test-report-3.0.xsd" version="3.0" name="TestSuite" time="1,071.96" tests="64" errors="0" skipped="0" failures="0">
  <properties>
[...]
</properties>
  <testcase name="checkTaskDayCounter" classname="com.scenario_projects.lifeline_front_stage.tests.N_0010_CheckDueTasksCounterOnDashboardTest" time="13.506"/>
  <testcase name="checkTaskDayCounter" classname="com.scenario_projects.lifeline_front_stage.tests.N_0010_CheckDueTasksCounterOnDashboardTest" time="13.604"/>
  <testcase name="undoneTask" classname="com.scenario_projects.lifeline_front_stage.tests.N_0027_UndoneTaskTest" time="2.213"/>
  <testcase name="undoneTask" classname="com.scenario_projects.lifeline_front_stage.tests.N_0027_UndoneTaskTest" time="3.278"/>
  <testcase name="checkTaskDayCounter" classname="com.scenario_projects.lifeline_front_stage.tests.N_0009_CheckDayTaskCounterOnDashboardTest" time="28.031"/>
  <testcase name="checkTaskDayCounter" classname="com.scenario_projects.lifeline_front_stage.tests.N_0009_CheckDayTaskCounterOnDashboardTest" time="30.687"/>
  <testcase name="goToArchivePage" classname="com.scenario_projects.lifeline_front_stage.tests.N_0014_ClickArchiveMenuIconOnSideBarPanelTest" time="1.707"/>
  <testcase name="goToArchivePage" classname="com.scenario_projects.lifeline_front_stage.tests.N_0014_ClickArchiveMenuIconOnSideBarPanelTest" time="1.993"/>
  <testcase name="loginTest" classname="com.scenario_projects.lifeline_front_stage.tests.N_0001_LoginTest" time="3.693"/>
  <testcase name="loginTest" classname="com.scenario_projects.lifeline_front_stage.tests.N_0001_LoginTest" time="3.614"/>
  <testcase name="backToLoginTest" classname="com.scenario_projects.lifeline_front_stage.tests.N_0003_BackToLoginPageTest" time="3.189"/>
  <testcase name="backToLoginTest" classname="com.scenario_projects.lifeline_front_stage.tests.N_0003_BackToLoginPageTest" time="4.846"/>
  <testcase name="goToMonthTab" classname="com.scenario_projects.lifeline_front_stage.tests.N_0021_ClickDailyTabOnPatientPlanningPageTest" time="0.601"/>
  <testcase name="goToMonthTab" classname="com.scenario_projects.lifeline_front_stage.tests.N_0021_ClickDailyTabOnPatientPlanningPageTest" time="0.785"/>
  <testcase name="createdPatientCard" classname="com.scenario_projects.lifeline_front_stage.tests.N_0017_CreatePatientCardTest" time="5.852"/>
  <testcase name="createdPatientCard" classname="com.scenario_projects.lifeline_front_stage.tests.N_0017_CreatePatientCardTest" time="7.704"/>
  <testcase name="goToWeekTab" classname="com.scenario_projects.lifeline_front_stage.tests.N_0019_ClickWeekTabOnPatientPlanningPageTest" time="0.36"/>
  <testcase name="goToWeekTab" classname="com.scenario_projects.lifeline_front_stage.tests.N_0019_ClickWeekTabOnPatientPlanningPageTest" time="0.394"/>
  <testcase name="checkVisibilityPassword" classname="com.scenario_projects.lifeline_front_stage.tests.N_0008_VisibilityPasswordOnLoginPageTest" time="2.934"/>
  <testcase name="checkVisibilityPassword" classname="com.scenario_projects.lifeline_front_stage.tests.N_0008_VisibilityPasswordOnLoginPageTest" time="4.48"/>
  <testcase name="refreshMessagesPage" classname="com.scenario_projects.lifeline_front_stage.tests.N_0012_RefreshMessagesPageTest" time="2.036"/>
  <testcase name="refreshMessagesPage" classname="com.scenario_projects.lifeline_front_stage.tests.N_0012_RefreshMessagesPageTest" time="2.867"/>
  <testcase name="createSetFixedHoursTask" classname="com.scenario_projects.lifeline_front_stage.tests.N_0023_CreateSetTimeSlotTaskTest" time="5.608"/>
  <testcase name="createSetFixedHoursTask" classname="com.scenario_projects.lifeline_front_stage.tests.N_0023_CreateSetTimeSlotTaskTest" time="6.257"/>
  <testcase name="goToCarePage" classname="com.scenario_projects.lifeline_front_stage.tests.N_0030_RefreshPatientDetailCarePageTest" time="2.132"/>
  <testcase name="goToCarePage" classname="com.scenario_projects.lifeline_front_stage.tests.N_0030_RefreshPatientDetailCarePageTest" time="2.825"/>
  <testcase name="goToMonthTab" classname="com.scenario_projects.lifeline_front_stage.tests.N_0020_ClickMonthTabOnPatientPlanningPageTest" time="0.409"/>
  <testcase name="goToMonthTab" classname="com.scenario_projects.lifeline_front_stage.tests.N_0020_ClickMonthTabOnPatientPlanningPageTest" time="0.468"/>
  <testcase name="createNewModeTask" classname="com.scenario_projects.lifeline_front_stage.tests.N_0018_CreateFreeModeTaskTest" time="5.742"/>
  <testcase name="createNewModeTask" classname="com.scenario_projects.lifeline_front_stage.tests.N_0018_CreateFreeModeTaskTest" time="5.449"/>
  <testcase name="confirmTask" classname="com.scenario_projects.lifeline_front_stage.tests.N_0028_ConfirmTaskTest" time="2.755"/>
  <testcase name="confirmTask" classname="com.scenario_projects.lifeline_front_stage.tests.N_0028_ConfirmTaskTest" time="3.38"/>
  <testcase name="goToCarePage" classname="com.scenario_projects.lifeline_front_stage.tests.N_0029_ClickOnCareTabOnPatientDetailPageTest" time="0.421"/>
  <testcase name="goToCarePage" classname="com.scenario_projects.lifeline_front_stage.tests.N_0029_ClickOnCareTabOnPatientDetailPageTest" time="0.373"/>
  <testcase name="refreshPatientsDetailPlanningPage" classname="com.scenario_projects.lifeline_front_stage.tests.N_0016_RefreshPatientDetailPlanningPageTest" time="1.959"/>
  <testcase name="refreshPatientsDetailPlanningPage" classname="com.scenario_projects.lifeline_front_stage.tests.N_0016_RefreshPatientDetailPlanningPageTest" time="2.459"/>
  <testcase name="refreshDashBoardPage" classname="com.scenario_projects.lifeline_front_stage.tests.N_0004_RefreshDashBoardPageTest" time="1.682"/>
  <testcase name="refreshDashBoardPage" classname="com.scenario_projects.lifeline_front_stage.tests.N_0004_RefreshDashBoardPageTest" time="2.449"/>
  <testcase name="goToPatientsPage" classname="com.scenario_projects.lifeline_front_stage.tests.N_0006_ClickPatientsMenuIconOnSideBarPanelTest" time="0.318"/>
  <testcase name="goToPatientsPage" classname="com.scenario_projects.lifeline_front_stage.tests.N_0006_ClickPatientsMenuIconOnSideBarPanelTest" time="0.424"/>
  <testcase name="createImmediateTask" classname="com.scenario_projects.lifeline_front_stage.tests.N_0024_CreateImmediateTaskTest" time="4.344"/>
  <testcase name="createImmediateTask" classname="com.scenario_projects.lifeline_front_stage.tests.N_0024_CreateImmediateTaskTest" time="5.232"/>
  <testcase name="deleteTask" classname="com.scenario_projects.lifeline_front_stage.tests.N_0026_DeleteTaskTest" time="2.446"/>
  <testcase name="deleteTask" classname="com.scenario_projects.lifeline_front_stage.tests.N_0026_DeleteTaskTest" time="3.257"/>
  <testcase name="resetPasswordTest" classname="com.scenario_projects.lifeline_front_stage.tests.N_0002_ResetPasswordTest" time="5.248"/>
  <testcase name="resetPasswordTest" classname="com.scenario_projects.lifeline_front_stage.tests.N_0002_ResetPasswordTest" time="7.369"/>
  <testcase name="editTask" classname="com.scenario_projects.lifeline_front_stage.tests.N_0025_EditTaskTest" time="2.771"/>
  <testcase name="editTask" classname="com.scenario_projects.lifeline_front_stage.tests.N_0025_EditTaskTest" time="3.882"/>
  <testcase name="emailTest" classname="com.scenario_projects.lifeline_front_stage.tests.N_0002_ResetPasswordTest" time="17.698"/>
  <testcase name="emailTest" classname="com.scenario_projects.lifeline_front_stage.tests.N_0002_ResetPasswordTest" time="20.977"/>
  <testcase name="checkPatientsWithTasksOfTheDayFilter" classname="com.scenario_projects.lifeline_front_stage.tests.N_0013_BackToPatientsPageTest" time="0.211"/>
  <testcase name="checkPatientsWithTasksOfTheDayFilter" classname="com.scenario_projects.lifeline_front_stage.tests.N_0013_BackToPatientsPageTest" time="0.213"/>
  <testcase name="changePasswordTest" classname="com.scenario_projects.lifeline_front_stage.tests.N_0002_ResetPasswordTest" time="3.221"/>
  <testcase name="changePasswordTest" classname="com.scenario_projects.lifeline_front_stage.tests.N_0002_ResetPasswordTest" time="4"/>
  <testcase name="createSetFixedHoursTask" classname="com.scenario_projects.lifeline_front_stage.tests.N_0022_CreateSetFixedHoursTaskTest" time="6.553"/>
  <testcase name="createSetFixedHoursTask" classname="com.scenario_projects.lifeline_front_stage.tests.N_0022_CreateSetFixedHoursTaskTest" time="7.662"/>
  <testcase name="goToDashboardPage" classname="com.scenario_projects.lifeline_front_stage.tests.N_0015_ClickDashboardMenuIconOnSideBarPanelTest" time="2.199"/>
  <testcase name="goToDashboardPage" classname="com.scenario_projects.lifeline_front_stage.tests.N_0015_ClickDashboardMenuIconOnSideBarPanelTest" time="2.127"/>
  <testcase name="goToMessagePage" classname="com.scenario_projects.lifeline_front_stage.tests.N_0011_ClickMessagesMenuIconOnSideBarPanelTest" time="0.438"/>
  <testcase name="goToMessagePage" classname="com.scenario_projects.lifeline_front_stage.tests.N_0011_ClickMessagesMenuIconOnSideBarPanelTest" time="0.529"/>
  <testcase name="logout" classname="com.scenario_projects.lifeline_front_stage.tests.N_0005_LogOutTest" time="1.321"/>
  <testcase name="logout" classname="com.scenario_projects.lifeline_front_stage.tests.N_0005_LogOutTest" time="1.63"/>
  <testcase name="refreshPatientsPage" classname="com.scenario_projects.lifeline_front_stage.tests.N_0007_RefreshPatientsPageTest" time="3.06"/>
  <testcase name="refreshPatientsPage" classname="com.scenario_projects.lifeline_front_stage.tests.N_0007_RefreshPatientsPageTest" time="2.576"/>
</testsuite>