<?xml version="1.0" encoding="UTF-8"?>
<testsuite xmlns:xsi="http://www.w3.org/2001/XMLSchema-instance" xsi:noNamespaceSchemaLocation="https://maven.apache.org/surefire/maven-surefire-plugin/xsd/surefire-test-report-3.0.xsd" version="3.0" name="TestSuite" time="38.697" tests="2" errors="0" skipped="1" failures="1">
  <properties>
[...]
</properties>
  <testcase name="loginTest" classname="com.scenario_projects.lifeline_front_stage.tests.N_0001_LoginTest" time="0">
    <skipped message="Expected condition failed: waiting for element to be clickable: By.cssSelector: button[class=&apos;rectangular-button__wrappe  &apos;] (tried for 10 second(s) with 500 milliseconds interval)"/>
    <system-out><![CDATA[Before navigating to: 'https://lifeline-front-stage.scenario-projects.com/auth/login'
Navigated to:'https://lifeline-front-stage.scenario-projects.com/auth/login'
Trying to find Element By : By.name: email
Found Element By : By.name: email
Trying to find Element By : By.name: email
Found Element By : By.name: email
Trying to find Element By : By.name: password
Found Element By : By.name: password
Trying to find Element By : By.name: password
Found Element By : By.name: password
Trying to find Element By : By.cssSelector: button[class='rectangular-button__wrappe  ']
Found Element By : By.cssSelector: button[class='rectangular-button__wrappe  ']
]]></system-out>
    <system-err><![CDATA[Starting ChromeDriver 2.45.615279 (12b89733300bd268cff3b78fc76cb8f3a7cc44e5) on port 8176
Only local connections are allowed.
Apr 02, 2019 2:16:10 PM org.openqa.selenium.remote.ProtocolHandshake createSession
INFO: Detected dialect: OSS
]]></system-err>
  </testcase>
  <testcase name="loginTest" classname="com.scenario_projects.lifeline_front_stage.tests.N_0001_LoginTest" time="17.315">
    <failure message="Expected condition failed: waiting for element to be clickable: By.cssSelector: button[class=&apos;rectangular-button__wrappe  &apos;] (tried for 10 second(s) with 500 milliseconds interval)" type="org.openqa.selenium.TimeoutException">org.openqa.selenium.TimeoutException: Expected condition failed: waiting for element to be clickable: By.cssSelector: button[class='rectangular-button__wrappe  '] (tried for 10 second(s) with 500 milliseconds interval)
	at com.scenario_projects.lifeline_front_stage.tests.N_0001_LoginTest.loginTest(N_0001_LoginTest.java:15)
Caused by: org.openqa.selenium.NoSuchElementException: 
Cannot locate an element using By.cssSelector: button[class='rectangular-button__wrappe  ']
For documentation on this error, please visit: http://seleniumhq.org/exceptions/no_such_element.html
Build info: version: '3.14.0', revision: 'aacccce0', time: '2018-08-02T20:19:58.91Z'
System info: host: 'user-System-Product-Name', ip: '127.0.1.1', os.name: 'Linux', os.arch: 'amd64', os.version: '4.15.0-46-generic', java.version: '10.0.2'
Driver info: driver.version: unknown
	at com.scenario_projects.lifeline_front_stage.tests.N_0001_LoginTest.loginTest(N_0001_LoginTest.java:15)
</failure>
    <system-out><![CDATA[Before navigating to: 'https://lifeline-front-stage.scenario-projects.com/auth/login'
Navigated to:'https://lifeline-front-stage.scenario-projects.com/auth/login'
Trying to find Element By : By.name: email
Found Element By : By.name: email
Trying to find Element By : By.name: email
Found Element By : By.name: email
Trying to find Element By : By.name: password
Found Element By : By.name: password
Trying to find Element By : By.name: password
Found Element By : By.name: password
Trying to find Element By : By.cssSelector: button[class='rectangular-button__wrappe  ']
Found Element By : By.cssSelector: button[class='rectangular-button__wrappe  ']
]]></system-out>
  </testcase>
</testsuite>