<?xml version="1.0" encoding="UTF-8"?>
<testsuite name="all-tests [Chrome]"
           tests="3"
           failures="0"
           errors="0"
           skipped="0"
           time="26.166">
  <properties />
  
  
            <testcase name="changePasswordTest" time="3.221" classname="com.scenario_projects.lifeline_front_stage.tests.N_0002_ResetPasswordTest" />
                <testcase name="emailTest" time="17.697" classname="com.scenario_projects.lifeline_front_stage.tests.N_0002_ResetPasswordTest" />
                <testcase name="resetPasswordTest" time="5.248" classname="com.scenario_projects.lifeline_front_stage.tests.N_0002_ResetPasswordTest" />
      
</testsuite>
